c:\users\paty\documents\github\cgcourse\cg_demo_vs2015\cg_demo\cg_demo\debug\vc141.pdb
c:\users\paty\documents\github\cgcourse\cg_demo_vs2015\cg_demo\cg_demo\debug\vc141.idb
c:\users\paty\documents\github\cgcourse\cg_demo_vs2015\cg_demo\cg_demo\debug\cg_demo.obj
c:\users\paty\documents\tec\8vosemestre\computer graphics\projects\clase3\cg_demo\debug\vc141.pdb
c:\users\paty\documents\tec\8vosemestre\computer graphics\projects\clase3\cg_demo\debug\vc141.idb
c:\users\paty\documents\tec\8vosemestre\computer graphics\projects\clase3\cg_demo\debug\cg_demo.obj
c:\users\paty\documents\tec\8vosemestre\computer graphics\projects\clase4\cg_demo\debug\vc141.pdb
c:\users\paty\documents\tec\8vosemestre\computer graphics\projects\clase4\cg_demo\debug\vc141.idb
c:\users\paty\documents\tec\8vosemestre\computer graphics\projects\clase4\cg_demo\debug\cg_demo.obj
c:\users\paty\documents\tec\8vosemestre\computer graphics\projects\base\cg_demo\debug\vc141.pdb
c:\users\paty\documents\tec\8vosemestre\computer graphics\projects\base\cg_demo\debug\vc141.idb
c:\users\paty\documents\tec\8vosemestre\computer graphics\projects\base\cg_demo\debug\dummie.obj
c:\users\paty\documents\github\cgcourse\cg_demo_vs2015\cg_demo\debug\cg_demo.exe
c:\users\paty\documents\github\cgcourse\cg_demo_vs2015\cg_demo\debug\cg_demo.ilk
c:\users\paty\documents\github\cgcourse\cg_demo_vs2015\cg_demo\debug\cg_demo.pdb
c:\users\paty\documents\tec\8vosemestre\computer graphics\projects\clase3\debug\cg_demo.exe
c:\users\paty\documents\tec\8vosemestre\computer graphics\projects\clase3\debug\cg_demo.ilk
c:\users\paty\documents\tec\8vosemestre\computer graphics\projects\clase3\debug\cg_demo.pdb
c:\users\paty\documents\tec\8vosemestre\computer graphics\projects\clase4\debug\cg_demo.exe
c:\users\paty\documents\tec\8vosemestre\computer graphics\projects\clase4\debug\cg_demo.ilk
c:\users\paty\documents\tec\8vosemestre\computer graphics\projects\clase4\debug\cg_demo.pdb
c:\users\paty\documents\tec\8vosemestre\computer graphics\projects\base\debug\cg_demo.exe
c:\users\paty\documents\tec\8vosemestre\computer graphics\projects\base\debug\cg_demo.ilk
c:\users\paty\documents\tec\8vosemestre\computer graphics\projects\base\debug\cg_demo.pdb
c:\users\paty\documents\tec\8vosemestre\computer graphics\projects\base\cg_demo\debug\cg_demo.obj
c:\users\paty\documents\tec\8vosemestre\computer graphics\projects\base\cg_demo\debug\cg_demo.obj.enc
c:\users\paty\documents\tec\8vosemestre\computer graphics\projects\base\cg_demo\debug\cg_demo.tlog\cl.command.1.tlog
c:\users\paty\documents\tec\8vosemestre\computer graphics\projects\base\cg_demo\debug\cg_demo.tlog\cl.read.1.tlog
c:\users\paty\documents\tec\8vosemestre\computer graphics\projects\base\cg_demo\debug\cg_demo.tlog\cl.write.1.tlog
c:\users\paty\documents\tec\8vosemestre\computer graphics\projects\base\cg_demo\debug\cg_demo.tlog\link.command.1.tlog
c:\users\paty\documents\tec\8vosemestre\computer graphics\projects\base\cg_demo\debug\cg_demo.tlog\link.read.1.tlog
c:\users\paty\documents\tec\8vosemestre\computer graphics\projects\base\cg_demo\debug\cg_demo.tlog\link.write.1.tlog
